<?xml version="1.0" encoding="UTF-8"?>
<!-- Generated by org.testng.reporters.JUnitReportReporter -->
<testsuite skipped="0" hostname="Srajen" name="Validate.Validation" tests="4" failures="0" timestamp="2022-05-07T15:21:23 IST" time="7.394" errors="0">
  <testcase name="checkDateRange" time="2.105" classname="Validate.Validation"/>
  <system-out/>
  <testcase name="checkTemperature" time="1.496" classname="Validate.Validation"/>
  <system-out/>
  <testcase name="checkHourlyInterval" time="1.169" classname="Validate.Validation"/>
  <system-out/>
  <testcase name="checkDescription" time="2.624" classname="Validate.Validation"/>
  <system-out/>
</testsuite> <!-- Validate.Validation -->
